2012-04-25 19:38:08.817 INFO  [main] Slf4jLog.java:67                  org.apache.jackrabbit.servlet.jackrabbit.JackrabbitRepositoryServlet-1382393727: Creating default repository configuration: /Volumes/Server/PHPCR/Packages/Application/SwiftLizard.PHPCR/Resources/Java/JackRabbitServer/jackrabbit/repository.xml
2012-04-25 19:38:09.464 INFO  [main] RepositoryImpl.java:256           Starting repository...
2012-04-25 19:38:09.469 INFO  [main] LocalFileSystem.java:164          LocalFileSystem initialized at path /Volumes/Server/PHPCR/Packages/Application/SwiftLizard.PHPCR/Resources/Java/JackRabbitServer/jackrabbit/repository
2012-04-25 19:38:09.677 INFO  [main] NodeTypeRegistry.java:870         no custom node type definitions found
2012-04-25 19:38:09.745 INFO  [main] LocalFileSystem.java:164          LocalFileSystem initialized at path /Volumes/Server/PHPCR/Packages/Application/SwiftLizard.PHPCR/Resources/Java/JackRabbitServer/jackrabbit/version
2012-04-25 19:38:12.167 INFO  [main] RepositoryImpl.java:2001          initializing workspace 'default'...
2012-04-25 19:38:12.167 INFO  [main] LocalFileSystem.java:164          LocalFileSystem initialized at path /Volumes/Server/PHPCR/Packages/Application/SwiftLizard.PHPCR/Resources/Java/JackRabbitServer/jackrabbit/workspaces/default
2012-04-25 19:38:13.231 INFO  [main] ClusterNode.java:400              not started: namespace operation ignored.
2012-04-25 19:38:13.232 INFO  [main] ClusterNode.java:400              not started: namespace operation ignored.
2012-04-25 19:38:13.234 INFO  [main] ClusterNode.java:400              not started: namespace operation ignored.
2012-04-25 19:38:15.148 INFO  [main] MultiIndex.java:1225              indexing... /jcr:system/jcr:nodeTypes/rep:Activities/jcr:childNodeDefinition (100)
2012-04-25 19:38:15.585 INFO  [main] SearchIndex.java:592              Index initialized: /Volumes/Server/PHPCR/Packages/Application/SwiftLizard.PHPCR/Resources/Java/JackRabbitServer/jackrabbit/repository/index Version: 3
2012-04-25 19:38:15.983 INFO  [main] SearchIndex.java:592              Index initialized: /Volumes/Server/PHPCR/Packages/Application/SwiftLizard.PHPCR/Resources/Java/JackRabbitServer/jackrabbit/workspaces/default/index Version: 3
2012-04-25 19:38:15.984 INFO  [main] RepositoryImpl.java:2005          workspace 'default' initialized
2012-04-25 19:38:15.988 INFO  [main] ClusterNode.java:1010             not started: namespace operation ignored.
2012-04-25 19:38:15.988 INFO  [main] RepositoryImpl.java:520           created system workspace: security
2012-04-25 19:38:16.021 INFO  [main] RepositoryImpl.java:452           SecurityManager = class org.apache.jackrabbit.core.DefaultSecurityManager
2012-04-25 19:38:16.021 INFO  [main] RepositoryImpl.java:2001          initializing workspace 'security'...
2012-04-25 19:38:16.022 INFO  [main] LocalFileSystem.java:164          LocalFileSystem initialized at path /Volumes/Server/PHPCR/Packages/Application/SwiftLizard.PHPCR/Resources/Java/JackRabbitServer/jackrabbit/workspaces/security
2012-04-25 19:38:17.183 INFO  [main] SearchIndex.java:592              Index initialized: /Volumes/Server/PHPCR/Packages/Application/SwiftLizard.PHPCR/Resources/Java/JackRabbitServer/jackrabbit/workspaces/security/index Version: 3
2012-04-25 19:38:17.184 INFO  [main] RepositoryImpl.java:2005          workspace 'security' initialized
2012-04-25 19:38:17.198 INFO  [main] DefaultSecurityManager.java:172   init: use Repository Login-Configuration for Jackrabbit
2012-04-25 19:38:17.342 INFO  [main] UserManagerImpl.java:425          Admin user does not exist.
2012-04-25 19:38:17.571 INFO  [main] ClusterNode.java:594              not started: update create ignored.
2012-04-25 19:38:17.579 INFO  [main] ClusterNode.java:614              not started: update prepare ignored.
2012-04-25 19:38:17.693 INFO  [main] ClusterNode.java:653              not started: update commit ignored.
2012-04-25 19:38:17.693 INFO  [main] UserManagerImpl.java:952          ... created admin user with id 'admin' and default pw.
2012-04-25 19:38:17.717 INFO  [main] ClusterNode.java:594              not started: update create ignored.
2012-04-25 19:38:17.718 INFO  [main] ClusterNode.java:614              not started: update prepare ignored.
2012-04-25 19:38:17.774 INFO  [main] ClusterNode.java:653              not started: update commit ignored.
2012-04-25 19:38:17.775 INFO  [main] DefaultSecurityManager.java:631   ... created anonymous user with id 'anonymous' ...
2012-04-25 19:38:17.806 INFO  [main] RepositoryImpl.java:364           Repository started (8342ms)
2012-04-25 19:38:17.825 INFO  [main] RepositoryAccessServlet.java:98   RepositoryAccessServlet initialized.
2012-04-25 19:38:17.851 INFO  [main] AbstractWebdavServlet.java:157    authenticate-header = Basic realm="Jackrabbit Webdav Server"
2012-04-25 19:38:17.852 INFO  [main] AbstractWebdavServlet.java:162    csrf-protection = null
2012-04-25 19:38:17.852 INFO  [main] SimpleWebdavServlet.java:144      resource-path-prefix = '/repository'
2012-04-25 19:38:18.013 INFO  [main] AbstractWebdavServlet.java:157    authenticate-header = Basic realm="Jackrabbit Webdav Server"
2012-04-25 19:38:18.013 INFO  [main] AbstractWebdavServlet.java:162    csrf-protection = null
2012-04-25 19:40:19.909 INFO  [1817166166@qtp-1726367366-0] CachingEntryCollector.java:70 Creating cache with max size of: 5000
2012-04-25 19:40:20.026 INFO  [1817166166@qtp-1726367366-0] AbstractBundlePersistenceManager.java:823 cachename=versionBundleCache[ConcurrentCache@53254e59], elements=194, usedmemorykb=8, maxmemorykb=8192, access=2159, miss=194
2012-04-25 19:40:20.034 INFO  [1817166166@qtp-1726367366-0] AbstractBundlePersistenceManager.java:823 cachename=defaultBundleCache[ConcurrentCache@3bd5f0e6], elements=187, usedmemorykb=4, maxmemorykb=8192, access=2159, miss=187
2012-04-25 19:40:20.057 INFO  [1817166166@qtp-1726367366-0] AbstractBundlePersistenceManager.java:823 cachename=securityBundleCache[ConcurrentCache@30f9a36a], elements=101, usedmemorykb=23, maxmemorykb=8192, access=127, miss=101
2012-04-25 19:41:49.674 WARN  [main] RepositoryLock.java:134           Existing lock file /Volumes/Server/PHPCR/Packages/Application/SwiftLizard.PHPCR/Resources/Java/JackRabbitServer/jackrabbit/.lock detected. Repository was not shut down properly.
2012-04-25 19:41:49.692 WARN  [main] Slf4jLog.java:89                  unavailable
javax.jcr.RepositoryException: The repository home /Volumes/Server/PHPCR/Packages/Application/SwiftLizard.PHPCR/Resources/Java/JackRabbitServer/jackrabbit appears to be in use since the file named .lock is locked by another process.
	at org.apache.jackrabbit.core.util.RepositoryLock.tryLock(RepositoryLock.java:166) ~[jackrabbit-standalone-2.4.1.jar:na]
	at org.apache.jackrabbit.core.util.RepositoryLock.acquire(RepositoryLock.java:138) ~[jackrabbit-standalone-2.4.1.jar:na]
	at org.apache.jackrabbit.core.RepositoryImpl.<init>(RepositoryImpl.java:253) ~[jackrabbit-standalone-2.4.1.jar:na]
	at org.apache.jackrabbit.core.RepositoryImpl.create(RepositoryImpl.java:589) ~[jackrabbit-standalone-2.4.1.jar:na]
	at org.apache.jackrabbit.core.RepositoryContext.create(RepositoryContext.java:149) ~[jackrabbit-standalone-2.4.1.jar:na]
	at org.apache.jackrabbit.servlet.jackrabbit.JackrabbitRepositoryServlet.init(JackrabbitRepositoryServlet.java:109) ~[jackrabbit-standalone-2.4.1.jar:na]
	at javax.servlet.GenericServlet.init(GenericServlet.java:241) ~[jackrabbit-standalone-2.4.1.jar:na]
	at org.mortbay.jetty.servlet.ServletHolder.initServlet(ServletHolder.java:440) [jackrabbit-standalone-2.4.1.jar:na]
	at org.mortbay.jetty.servlet.ServletHolder.doStart(ServletHolder.java:263) [jackrabbit-standalone-2.4.1.jar:na]
	at org.mortbay.component.AbstractLifeCycle.start(AbstractLifeCycle.java:50) [jackrabbit-standalone-2.4.1.jar:na]
	at org.mortbay.jetty.servlet.ServletHandler.initialize(ServletHandler.java:685) [jackrabbit-standalone-2.4.1.jar:na]
	at org.mortbay.jetty.servlet.Context.startContext(Context.java:140) [jackrabbit-standalone-2.4.1.jar:na]
	at org.mortbay.jetty.webapp.WebAppContext.startContext(WebAppContext.java:1250) [jackrabbit-standalone-2.4.1.jar:na]
	at org.mortbay.jetty.handler.ContextHandler.doStart(ContextHandler.java:517) [jackrabbit-standalone-2.4.1.jar:na]
	at org.mortbay.jetty.webapp.WebAppContext.doStart(WebAppContext.java:467) [jackrabbit-standalone-2.4.1.jar:na]
	at org.mortbay.component.AbstractLifeCycle.start(AbstractLifeCycle.java:50) [jackrabbit-standalone-2.4.1.jar:na]
	at org.mortbay.jetty.handler.HandlerWrapper.doStart(HandlerWrapper.java:130) [jackrabbit-standalone-2.4.1.jar:na]
	at org.mortbay.jetty.handler.RequestLogHandler.doStart(RequestLogHandler.java:115) [jackrabbit-standalone-2.4.1.jar:na]
	at org.mortbay.component.AbstractLifeCycle.start(AbstractLifeCycle.java:50) [jackrabbit-standalone-2.4.1.jar:na]
	at org.mortbay.jetty.handler.HandlerWrapper.doStart(HandlerWrapper.java:130) [jackrabbit-standalone-2.4.1.jar:na]
	at org.mortbay.jetty.Server.doStart(Server.java:224) [jackrabbit-standalone-2.4.1.jar:na]
	at org.mortbay.component.AbstractLifeCycle.start(AbstractLifeCycle.java:50) [jackrabbit-standalone-2.4.1.jar:na]
	at org.apache.jackrabbit.standalone.Main.run(Main.java:173) [jackrabbit-standalone-2.4.1.jar:na]
	at org.apache.jackrabbit.standalone.Main.main(Main.java:60) [jackrabbit-standalone-2.4.1.jar:na]
2012-04-25 19:41:49.694 INFO  [main] RepositoryAccessServlet.java:98   RepositoryAccessServlet initialized.
2012-04-25 19:41:49.703 INFO  [main] AbstractWebdavServlet.java:157    authenticate-header = Basic realm="Jackrabbit Webdav Server"
2012-04-25 19:41:49.704 INFO  [main] AbstractWebdavServlet.java:162    csrf-protection = null
2012-04-25 19:41:49.704 INFO  [main] SimpleWebdavServlet.java:144      resource-path-prefix = '/repository'
2012-04-25 19:41:50.130 INFO  [main] AbstractWebdavServlet.java:157    authenticate-header = Basic realm="Jackrabbit Webdav Server"
2012-04-25 19:41:50.130 INFO  [main] AbstractWebdavServlet.java:162    csrf-protection = null
